<?xml version="1.0" encoding="UTF-8"?>
<!-- Generated by org.testng.reporters.JUnitReportReporter -->
<testsuite hostname="MSI" failures="0" tests="1" name="com.ashish.RahulShetty" time="4.551" errors="0" timestamp="2024-08-16T10:10:00 IST" skipped="0">
  <testcase classname="com.ashish.RahulShetty" name="setUp" time="4.551"/>
  <system-out/>
</testsuite> <!-- com.ashish.RahulShetty -->
